This file contains any messages produced by compilers while
running configure, to aid debugging if configure makes a mistake.

It was created by HTS configure 2.3, which was
generated by GNU Autoconf 2.69.  Invocation command line was

  $ ./configure 

## --------- ##
## Platform. ##
## --------- ##

hostname = truongd-ThinkPad-X1-Carbon-3rd
uname -m = x86_64
uname -r = 4.4.0-36-generic
uname -s = Linux
uname -v = #55~14.04.1-Ubuntu SMP Fri Aug 12 11:49:30 UTC 2016

/usr/bin/uname -p = unknown
/bin/uname -X     = unknown

/bin/arch              = unknown
/usr/bin/arch -k       = unknown
/usr/convex/getsysinfo = unknown
/usr/bin/hostinfo      = unknown
/bin/machine           = unknown
/usr/bin/oslevel       = unknown
/bin/universe          = unknown

PATH: /home/truong-d/.rbenv/plugins/ruby-build/bin
PATH: /home/truong-d/.rbenv/shims
PATH: /home/truong-d/.rbenv/bin
PATH: /home/truong-d/.pyenv/plugins/pyenv-virtualenv/shims
PATH: /home/truong-d/.pyenv/shims
PATH: /home/truong-d/.pyenv/bin
PATH: /home/truong-d/Android/Sdk/tools
PATH: /home/truong-d/work/tools/android-ndk-r12b
PATH: /home/truong-d/Android/Sdk/platform-tools
PATH: /usr/local/go/bin
PATH: /home/truong-d/tools/android-studio/bin
PATH: /home/truong-d/.local/bin
PATH: /usr/local/sbin
PATH: /usr/local/bin
PATH: /usr/sbin
PATH: /usr/bin
PATH: /sbin
PATH: /bin
PATH: /home/truong-d/CloudStation/bin
PATH: /home/truong-d/workspace/go/bin
PATH: /home/truong-d/Android/Sdk/platform-tools
PATH: /home/truong-d/workspace/world/synthesis
PATH: /home/truong-d/workspace/world/analysis
PATH: /home/truong-d/workspace/alt/extract-speech-params/base-img/SPTK-3.9/install/bin


## ----------- ##
## Core tests. ##
## ----------- ##

configure:2458: checking whether make sets $(MAKE)
configure:2480: result: yes
configure:2493: checking for gawk
configure:2523: result: no
configure:2493: checking for mawk
configure:2509: found /usr/bin/mawk
configure:2520: result: mawk
configure:2579: checking for gcc
configure:2595: found /usr/bin/gcc
configure:2606: result: gcc
configure:2835: checking for C compiler version
configure:2844: gcc --version >&5
gcc (Ubuntu 4.8.4-2ubuntu1~14.04.3) 4.8.4
Copyright (C) 2013 Free Software Foundation, Inc.
This is free software; see the source for copying conditions.  There is NO
warranty; not even for MERCHANTABILITY or FITNESS FOR A PARTICULAR PURPOSE.

configure:2855: $? = 0
configure:2844: gcc -v >&5
Using built-in specs.
COLLECT_GCC=gcc
COLLECT_LTO_WRAPPER=/usr/lib/gcc/x86_64-linux-gnu/4.8/lto-wrapper
Target: x86_64-linux-gnu
Configured with: ../src/configure -v --with-pkgversion='Ubuntu 4.8.4-2ubuntu1~14.04.3' --with-bugurl=file:///usr/share/doc/gcc-4.8/README.Bugs --enable-languages=c,c++,java,go,d,fortran,objc,obj-c++ --prefix=/usr --program-suffix=-4.8 --enable-shared --enable-linker-build-id --libexecdir=/usr/lib --without-included-gettext --enable-threads=posix --with-gxx-include-dir=/usr/include/c++/4.8 --libdir=/usr/lib --enable-nls --with-sysroot=/ --enable-clocale=gnu --enable-libstdcxx-debug --enable-libstdcxx-time=yes --enable-gnu-unique-object --disable-libmudflap --enable-plugin --with-system-zlib --disable-browser-plugin --enable-java-awt=gtk --enable-gtk-cairo --with-java-home=/usr/lib/jvm/java-1.5.0-gcj-4.8-amd64/jre --enable-java-home --with-jvm-root-dir=/usr/lib/jvm/java-1.5.0-gcj-4.8-amd64 --with-jvm-jar-dir=/usr/lib/jvm-exports/java-1.5.0-gcj-4.8-amd64 --with-arch-directory=amd64 --with-ecj-jar=/usr/share/java/eclipse-ecj.jar --enable-objc-gc --enable-multiarch --disable-werror --with-arch-32=i686 --with-abi=m64 --with-multilib-list=m32,m64,mx32 --with-tune=generic --enable-checking=release --build=x86_64-linux-gnu --host=x86_64-linux-gnu --target=x86_64-linux-gnu
Thread model: posix
gcc version 4.8.4 (Ubuntu 4.8.4-2ubuntu1~14.04.3) 
configure:2855: $? = 0
configure:2844: gcc -V >&5
gcc: error: unrecognized command line option '-V'
gcc: fatal error: no input files
compilation terminated.
configure:2855: $? = 4
configure:2844: gcc -qversion >&5
gcc: error: unrecognized command line option '-qversion'
gcc: fatal error: no input files
compilation terminated.
configure:2855: $? = 4
configure:2875: checking whether the C compiler works
configure:2897: gcc    conftest.c  >&5
configure:2901: $? = 0
configure:2949: result: yes
configure:2952: checking for C compiler default output file name
configure:2954: result: a.out
configure:2960: checking for suffix of executables
configure:2967: gcc -o conftest    conftest.c  >&5
configure:2971: $? = 0
configure:2993: result: 
configure:3015: checking whether we are cross compiling
configure:3023: gcc -o conftest    conftest.c  >&5
configure:3027: $? = 0
configure:3034: ./conftest
configure:3038: $? = 0
configure:3053: result: no
configure:3058: checking for suffix of object files
configure:3080: gcc -c   conftest.c >&5
configure:3084: $? = 0
configure:3105: result: o
configure:3109: checking whether we are using the GNU C compiler
configure:3128: gcc -c   conftest.c >&5
configure:3128: $? = 0
configure:3137: result: yes
configure:3146: checking whether gcc accepts -g
configure:3166: gcc -c -g  conftest.c >&5
configure:3166: $? = 0
configure:3207: result: yes
configure:3224: checking for gcc option to accept ISO C89
configure:3287: gcc  -c -g -O2  conftest.c >&5
configure:3287: $? = 0
configure:3300: result: none needed
configure:3363: checking for a BSD-compatible install
configure:3431: result: /usr/bin/install -c
configure:3442: checking whether ln -s works
configure:3446: result: yes
configure:3496: checking for ranlib
configure:3512: found /usr/bin/ranlib
configure:3523: result: ranlib
configure:3592: checking for ar
configure:3608: found /usr/bin/ar
configure:3619: result: ar
configure:3643: checking for main in -lX11
configure:3662: gcc -o conftest -g -O2   conftest.c -lX11   >&5
configure:3662: $? = 0
configure:3671: result: yes
configure:3682: checking for main in -lm
configure:3701: gcc -o conftest -g -O2   conftest.c -lm  -lX11  >&5
configure:3701: $? = 0
configure:3710: result: yes
configure:3777: checking for g77
configure:3807: result: no
configure:3777: checking for xlf
configure:3807: result: no
configure:3777: checking for f77
configure:3807: result: no
configure:3777: checking for frt
configure:3807: result: no
configure:3777: checking for pgf77
configure:3807: result: no
configure:3777: checking for cf77
configure:3807: result: no
configure:3777: checking for fort77
configure:3807: result: no
configure:3777: checking for fl32
configure:3807: result: no
configure:3777: checking for af77
configure:3807: result: no
configure:3777: checking for xlf90
configure:3807: result: no
configure:3777: checking for f90
configure:3807: result: no
configure:3777: checking for pgf90
configure:3807: result: no
configure:3777: checking for pghpf
configure:3807: result: no
configure:3777: checking for epcf90
configure:3807: result: no
configure:3777: checking for gfortran
configure:3793: found /usr/bin/gfortran
configure:3804: result: gfortran
configure:3830: checking for Fortran 77 compiler version
configure:3839: gfortran --version >&5
GNU Fortran (Ubuntu 4.8.4-2ubuntu1~14.04.3) 4.8.4
Copyright (C) 2013 Free Software Foundation, Inc.

GNU Fortran comes with NO WARRANTY, to the extent permitted by law.
You may redistribute copies of GNU Fortran
under the terms of the GNU General Public License.
For more information about these matters, see the file named COPYING

configure:3850: $? = 0
configure:3839: gfortran -v >&5
Using built-in specs.
COLLECT_GCC=gfortran
COLLECT_LTO_WRAPPER=/usr/lib/gcc/x86_64-linux-gnu/4.8/lto-wrapper
Target: x86_64-linux-gnu
Configured with: ../src/configure -v --with-pkgversion='Ubuntu 4.8.4-2ubuntu1~14.04.3' --with-bugurl=file:///usr/share/doc/gcc-4.8/README.Bugs --enable-languages=c,c++,java,go,d,fortran,objc,obj-c++ --prefix=/usr --program-suffix=-4.8 --enable-shared --enable-linker-build-id --libexecdir=/usr/lib --without-included-gettext --enable-threads=posix --with-gxx-include-dir=/usr/include/c++/4.8 --libdir=/usr/lib --enable-nls --with-sysroot=/ --enable-clocale=gnu --enable-libstdcxx-debug --enable-libstdcxx-time=yes --enable-gnu-unique-object --disable-libmudflap --enable-plugin --with-system-zlib --disable-browser-plugin --enable-java-awt=gtk --enable-gtk-cairo --with-java-home=/usr/lib/jvm/java-1.5.0-gcj-4.8-amd64/jre --enable-java-home --with-jvm-root-dir=/usr/lib/jvm/java-1.5.0-gcj-4.8-amd64 --with-jvm-jar-dir=/usr/lib/jvm-exports/java-1.5.0-gcj-4.8-amd64 --with-arch-directory=amd64 --with-ecj-jar=/usr/share/java/eclipse-ecj.jar --enable-objc-gc --enable-multiarch --disable-werror --with-arch-32=i686 --with-abi=m64 --with-multilib-list=m32,m64,mx32 --with-tune=generic --enable-checking=release --build=x86_64-linux-gnu --host=x86_64-linux-gnu --target=x86_64-linux-gnu
Thread model: posix
gcc version 4.8.4 (Ubuntu 4.8.4-2ubuntu1~14.04.3) 
configure:3850: $? = 0
configure:3839: gfortran -V >&5
gfortran: error: unrecognized command line option '-V'
gfortran: fatal error: no input files
compilation terminated.
configure:3850: $? = 4
configure:3839: gfortran -qversion >&5
gfortran: error: unrecognized command line option '-qversion'
gfortran: fatal error: no input files
compilation terminated.
configure:3850: $? = 4
configure:3859: checking whether we are using the GNU Fortran 77 compiler
configure:3872: gfortran -c  conftest.F >&5
configure:3872: $? = 0
configure:3881: result: yes
configure:3887: checking whether gfortran accepts -g
configure:3898: gfortran -c -g conftest.f >&5
configure:3898: $? = 0
configure:3906: result: yes
configure:3944: checking build system type
configure:3958: result: x86_64-unknown-linux-gnu
configure:3978: checking host system type
configure:3991: result: x86_64-unknown-linux-gnu
configure:4016: checking how to get verbose linking output from gfortran
configure:4026: gfortran -c -g -O2 conftest.f >&5
configure:4026: $? = 0
configure:4044: gfortran -o conftest -g -O2 -v conftest.f -lm -lX11
Using built-in specs.
Target: x86_64-linux-gnu
Thread model: posix
gcc version 4.8.4 (Ubuntu 4.8.4-2ubuntu1~14.04.3) 
 /usr/lib/gcc/x86_64-linux-gnu/4.8/f951 conftest.f -ffixed-form -quiet -dumpbase conftest.f -mtune=generic -march=x86-64 -auxbase conftest -g -O2 -version -fintrinsic-modules-path /usr/lib/gcc/x86_64-linux-gnu/4.8/finclude -o /tmp/cc9fRDlR.s
GNU Fortran (Ubuntu 4.8.4-2ubuntu1~14.04.3) version 4.8.4 (x86_64-linux-gnu)
	compiled by GNU C version 4.8.4, GMP version 5.1.3, MPFR version 3.1.2-p3, MPC version 1.0.1
GGC heuristics: --param ggc-min-expand=100 --param ggc-min-heapsize=131072
GNU Fortran (Ubuntu 4.8.4-2ubuntu1~14.04.3) version 4.8.4 (x86_64-linux-gnu)
	compiled by GNU C version 4.8.4, GMP version 5.1.3, MPFR version 3.1.2-p3, MPC version 1.0.1
GGC heuristics: --param ggc-min-expand=100 --param ggc-min-heapsize=131072
 as -v --64 -o /tmp/ccONcTMp.o /tmp/cc9fRDlR.s
GNU assembler version 2.24 (x86_64-linux-gnu) using BFD version (GNU Binutils for Ubuntu) 2.24
Reading specs from /usr/lib/gcc/x86_64-linux-gnu/4.8/libgfortran.spec
rename spec lib to liborig
 /usr/lib/gcc/x86_64-linux-gnu/4.8/collect2 --sysroot=/ --build-id --eh-frame-hdr -m elf_x86_64 --hash-style=gnu --as-needed -dynamic-linker /lib64/ld-linux-x86-64.so.2 -z relro -o conftest /usr/lib/gcc/x86_64-linux-gnu/4.8/../../../x86_64-linux-gnu/crt1.o /usr/lib/gcc/x86_64-linux-gnu/4.8/../../../x86_64-linux-gnu/crti.o /usr/lib/gcc/x86_64-linux-gnu/4.8/crtbegin.o -L/usr/lib/gcc/x86_64-linux-gnu/4.8 -L/usr/lib/gcc/x86_64-linux-gnu/4.8/../../../x86_64-linux-gnu -L/usr/lib/gcc/x86_64-linux-gnu/4.8/../../../../lib -L/lib/x86_64-linux-gnu -L/lib/../lib -L/usr/lib/x86_64-linux-gnu -L/usr/lib/../lib -L/usr/lib/gcc/x86_64-linux-gnu/4.8/../../.. /tmp/ccONcTMp.o -lgfortran -lm -lX11 -lgfortran -lm -lgcc_s -lgcc -lquadmath -lm -lgcc_s -lgcc -lc -lgcc_s -lgcc /usr/lib/gcc/x86_64-linux-gnu/4.8/crtend.o /usr/lib/gcc/x86_64-linux-gnu/4.8/../../../x86_64-linux-gnu/crtn.o
configure:4127: result: -v
configure:4129: checking for Fortran 77 libraries of gfortran
configure:4152: gfortran -o conftest -g -O2 -v conftest.f -lm -lX11
Using built-in specs.
Target: x86_64-linux-gnu
Thread model: posix
gcc version 4.8.4 (Ubuntu 4.8.4-2ubuntu1~14.04.3) 
 /usr/lib/gcc/x86_64-linux-gnu/4.8/f951 conftest.f -ffixed-form -quiet -dumpbase conftest.f -mtune=generic -march=x86-64 -auxbase conftest -g -O2 -version -fintrinsic-modules-path /usr/lib/gcc/x86_64-linux-gnu/4.8/finclude -o /tmp/cc5R7vbU.s
GNU Fortran (Ubuntu 4.8.4-2ubuntu1~14.04.3) version 4.8.4 (x86_64-linux-gnu)
	compiled by GNU C version 4.8.4, GMP version 5.1.3, MPFR version 3.1.2-p3, MPC version 1.0.1
GGC heuristics: --param ggc-min-expand=100 --param ggc-min-heapsize=131072
GNU Fortran (Ubuntu 4.8.4-2ubuntu1~14.04.3) version 4.8.4 (x86_64-linux-gnu)
	compiled by GNU C version 4.8.4, GMP version 5.1.3, MPFR version 3.1.2-p3, MPC version 1.0.1
GGC heuristics: --param ggc-min-expand=100 --param ggc-min-heapsize=131072
 as -v --64 -o /tmp/ccJJvBJs.o /tmp/cc5R7vbU.s
GNU assembler version 2.24 (x86_64-linux-gnu) using BFD version (GNU Binutils for Ubuntu) 2.24
Reading specs from /usr/lib/gcc/x86_64-linux-gnu/4.8/libgfortran.spec
rename spec lib to liborig
 /usr/lib/gcc/x86_64-linux-gnu/4.8/collect2 --sysroot=/ --build-id --eh-frame-hdr -m elf_x86_64 --hash-style=gnu --as-needed -dynamic-linker /lib64/ld-linux-x86-64.so.2 -z relro -o conftest /usr/lib/gcc/x86_64-linux-gnu/4.8/../../../x86_64-linux-gnu/crt1.o /usr/lib/gcc/x86_64-linux-gnu/4.8/../../../x86_64-linux-gnu/crti.o /usr/lib/gcc/x86_64-linux-gnu/4.8/crtbegin.o -L/usr/lib/gcc/x86_64-linux-gnu/4.8 -L/usr/lib/gcc/x86_64-linux-gnu/4.8/../../../x86_64-linux-gnu -L/usr/lib/gcc/x86_64-linux-gnu/4.8/../../../../lib -L/lib/x86_64-linux-gnu -L/lib/../lib -L/usr/lib/x86_64-linux-gnu -L/usr/lib/../lib -L/usr/lib/gcc/x86_64-linux-gnu/4.8/../../.. /tmp/ccJJvBJs.o -lgfortran -lm -lX11 -lgfortran -lm -lgcc_s -lgcc -lquadmath -lm -lgcc_s -lgcc -lc -lgcc_s -lgcc /usr/lib/gcc/x86_64-linux-gnu/4.8/crtend.o /usr/lib/gcc/x86_64-linux-gnu/4.8/../../../x86_64-linux-gnu/crtn.o
configure:4348: result:  -L/usr/lib/gcc/x86_64-linux-gnu/4.8 -L/usr/lib/gcc/x86_64-linux-gnu/4.8/../../../x86_64-linux-gnu -L/usr/lib/gcc/x86_64-linux-gnu/4.8/../../../../lib -L/lib/x86_64-linux-gnu -L/lib/../lib -L/usr/lib/x86_64-linux-gnu -L/usr/lib/../lib -L/usr/lib/gcc/x86_64-linux-gnu/4.8/../../.. -lgfortran -lm -lX11 -lquadmath
configure:4373: checking how to run the C preprocessor
configure:4404: gcc -E  conftest.c
configure:4404: $? = 0
configure:4418: gcc -E  conftest.c
conftest.c:11:28: fatal error: ac_nonexistent.h: No such file or directory
 #include <ac_nonexistent.h>
                            ^
compilation terminated.
configure:4418: $? = 1
configure: failed program was:
| /* confdefs.h */
| #define PACKAGE_NAME "HTS"
| #define PACKAGE_TARNAME "hts"
| #define PACKAGE_VERSION "2.3"
| #define PACKAGE_STRING "HTS 2.3"
| #define PACKAGE_BUGREPORT "hts-users@sp.nitech.ac.jp"
| #define PACKAGE_URL ""
| #define HAVE_LIBX11 1
| #define HAVE_LIBM 1
| /* end confdefs.h.  */
| #include <ac_nonexistent.h>
configure:4443: result: gcc -E
configure:4463: gcc -E  conftest.c
configure:4463: $? = 0
configure:4477: gcc -E  conftest.c
conftest.c:11:28: fatal error: ac_nonexistent.h: No such file or directory
 #include <ac_nonexistent.h>
                            ^
compilation terminated.
configure:4477: $? = 1
configure: failed program was:
| /* confdefs.h */
| #define PACKAGE_NAME "HTS"
| #define PACKAGE_TARNAME "hts"
| #define PACKAGE_VERSION "2.3"
| #define PACKAGE_STRING "HTS 2.3"
| #define PACKAGE_BUGREPORT "hts-users@sp.nitech.ac.jp"
| #define PACKAGE_URL ""
| #define HAVE_LIBX11 1
| #define HAVE_LIBM 1
| /* end confdefs.h.  */
| #include <ac_nonexistent.h>
configure:4506: checking for X
configure:4614: gcc -E  conftest.c
configure:4614: $? = 0
configure:4645: gcc -o conftest -g -O2 -D_HAS_FORTRAN   conftest.c -lX11 -lm -lX11  >&5
configure:4645: $? = 0
configure:4695: result: libraries , headers 
configure:4699: checking for grep that handles long lines and -e
configure:4757: result: /bin/grep
configure:4762: checking for egrep
configure:4824: result: /bin/grep -E
configure:4829: checking for ANSI C header files
configure:4849: gcc -c -g -O2 -D_HAS_FORTRAN  conftest.c >&5
configure:4849: $? = 0
configure:4922: gcc -o conftest -g -O2 -D_HAS_FORTRAN   conftest.c -lm -lX11  >&5
configure:4922: $? = 0
configure:4922: ./conftest
configure:4922: $? = 0
configure:4933: result: yes
configure:4946: checking for sys/types.h
configure:4946: gcc -c -g -O2 -D_HAS_FORTRAN  conftest.c >&5
configure:4946: $? = 0
configure:4946: result: yes
configure:4946: checking for sys/stat.h
configure:4946: gcc -c -g -O2 -D_HAS_FORTRAN  conftest.c >&5
configure:4946: $? = 0
configure:4946: result: yes
configure:4946: checking for stdlib.h
configure:4946: gcc -c -g -O2 -D_HAS_FORTRAN  conftest.c >&5
configure:4946: $? = 0
configure:4946: result: yes
configure:4946: checking for string.h
configure:4946: gcc -c -g -O2 -D_HAS_FORTRAN  conftest.c >&5
configure:4946: $? = 0
configure:4946: result: yes
configure:4946: checking for memory.h
configure:4946: gcc -c -g -O2 -D_HAS_FORTRAN  conftest.c >&5
configure:4946: $? = 0
configure:4946: result: yes
configure:4946: checking for strings.h
configure:4946: gcc -c -g -O2 -D_HAS_FORTRAN  conftest.c >&5
configure:4946: $? = 0
configure:4946: result: yes
configure:4946: checking for inttypes.h
configure:4946: gcc -c -g -O2 -D_HAS_FORTRAN  conftest.c >&5
configure:4946: $? = 0
configure:4946: result: yes
configure:4946: checking for stdint.h
configure:4946: gcc -c -g -O2 -D_HAS_FORTRAN  conftest.c >&5
configure:4946: $? = 0
configure:4946: result: yes
configure:4946: checking for unistd.h
configure:4946: gcc -c -g -O2 -D_HAS_FORTRAN  conftest.c >&5
configure:4946: $? = 0
configure:4946: result: yes
configure:4961: checking errno.h usability
configure:4961: gcc -c -g -O2 -D_HAS_FORTRAN  conftest.c >&5
configure:4961: $? = 0
configure:4961: result: yes
configure:4961: checking errno.h presence
configure:4961: gcc -E  conftest.c
configure:4961: $? = 0
configure:4961: result: yes
configure:4961: checking for errno.h
configure:4961: result: yes
configure:4961: checking fcntl.h usability
configure:4961: gcc -c -g -O2 -D_HAS_FORTRAN  conftest.c >&5
configure:4961: $? = 0
configure:4961: result: yes
configure:4961: checking fcntl.h presence
configure:4961: gcc -E  conftest.c
configure:4961: $? = 0
configure:4961: result: yes
configure:4961: checking for fcntl.h
configure:4961: result: yes
configure:4961: checking float.h usability
configure:4961: gcc -c -g -O2 -D_HAS_FORTRAN  conftest.c >&5
configure:4961: $? = 0
configure:4961: result: yes
configure:4961: checking float.h presence
configure:4961: gcc -E  conftest.c
configure:4961: $? = 0
configure:4961: result: yes
configure:4961: checking for float.h
configure:4961: result: yes
configure:4961: checking limits.h usability
configure:4961: gcc -c -g -O2 -D_HAS_FORTRAN  conftest.c >&5
configure:4961: $? = 0
configure:4961: result: yes
configure:4961: checking limits.h presence
configure:4961: gcc -E  conftest.c
configure:4961: $? = 0
configure:4961: result: yes
configure:4961: checking for limits.h
configure:4961: result: yes
configure:4961: checking malloc.h usability
configure:4961: gcc -c -g -O2 -D_HAS_FORTRAN  conftest.c >&5
configure:4961: $? = 0
configure:4961: result: yes
configure:4961: checking malloc.h presence
configure:4961: gcc -E  conftest.c
configure:4961: $? = 0
configure:4961: result: yes
configure:4961: checking for malloc.h
configure:4961: result: yes
configure:4961: checking for memory.h
configure:4961: result: yes
configure:4961: checking for stdlib.h
configure:4961: result: yes
configure:4961: checking for string.h
configure:4961: result: yes
configure:4961: checking sys/ioctl.h usability
configure:4961: gcc -c -g -O2 -D_HAS_FORTRAN  conftest.c >&5
configure:4961: $? = 0
configure:4961: result: yes
configure:4961: checking sys/ioctl.h presence
configure:4961: gcc -E  conftest.c
configure:4961: $? = 0
configure:4961: result: yes
configure:4961: checking for sys/ioctl.h
configure:4961: result: yes
configure:4961: checking sys/socket.h usability
configure:4961: gcc -c -g -O2 -D_HAS_FORTRAN  conftest.c >&5
configure:4961: $? = 0
configure:4961: result: yes
configure:4961: checking sys/socket.h presence
configure:4961: gcc -E  conftest.c
configure:4961: $? = 0
configure:4961: result: yes
configure:4961: checking for sys/socket.h
configure:4961: result: yes
configure:4961: checking sys/time.h usability
configure:4961: gcc -c -g -O2 -D_HAS_FORTRAN  conftest.c >&5
configure:4961: $? = 0
configure:4961: result: yes
configure:4961: checking sys/time.h presence
configure:4961: gcc -E  conftest.c
configure:4961: $? = 0
configure:4961: result: yes
configure:4961: checking for sys/time.h
configure:4961: result: yes
configure:4961: checking for unistd.h
configure:4961: result: yes
configure:4972: checking for an ANSI C-conforming const
configure:5038: gcc -c -g -O2 -D_HAS_FORTRAN  conftest.c >&5
configure:5038: $? = 0
configure:5045: result: yes
configure:5053: checking for working volatile
configure:5072: gcc -c -g -O2 -D_HAS_FORTRAN  conftest.c >&5
configure:5072: $? = 0
configure:5079: result: yes
configure:5087: checking for size_t
configure:5087: gcc -c -g -O2 -D_HAS_FORTRAN  conftest.c >&5
configure:5087: $? = 0
configure:5087: gcc -c -g -O2 -D_HAS_FORTRAN  conftest.c >&5
conftest.c: In function 'main':
conftest.c:69:21: error: expected expression before ')' token
 if (sizeof ((size_t)))
                     ^
configure:5087: $? = 1
configure: failed program was:
| /* confdefs.h */
| #define PACKAGE_NAME "HTS"
| #define PACKAGE_TARNAME "hts"
| #define PACKAGE_VERSION "2.3"
| #define PACKAGE_STRING "HTS 2.3"
| #define PACKAGE_BUGREPORT "hts-users@sp.nitech.ac.jp"
| #define PACKAGE_URL ""
| #define HAVE_LIBX11 1
| #define HAVE_LIBM 1
| #define STDC_HEADERS 1
| #define HAVE_SYS_TYPES_H 1
| #define HAVE_SYS_STAT_H 1
| #define HAVE_STDLIB_H 1
| #define HAVE_STRING_H 1
| #define HAVE_MEMORY_H 1
| #define HAVE_STRINGS_H 1
| #define HAVE_INTTYPES_H 1
| #define HAVE_STDINT_H 1
| #define HAVE_UNISTD_H 1
| #define HAVE_ERRNO_H 1
| #define HAVE_FCNTL_H 1
| #define HAVE_FLOAT_H 1
| #define HAVE_LIMITS_H 1
| #define HAVE_MALLOC_H 1
| #define HAVE_MEMORY_H 1
| #define HAVE_STDLIB_H 1
| #define HAVE_STRING_H 1
| #define HAVE_SYS_IOCTL_H 1
| #define HAVE_SYS_SOCKET_H 1
| #define HAVE_SYS_TIME_H 1
| #define HAVE_UNISTD_H 1
| /* end confdefs.h.  */
| #include <stdio.h>
| #ifdef HAVE_SYS_TYPES_H
| # include <sys/types.h>
| #endif
| #ifdef HAVE_SYS_STAT_H
| # include <sys/stat.h>
| #endif
| #ifdef STDC_HEADERS
| # include <stdlib.h>
| # include <stddef.h>
| #else
| # ifdef HAVE_STDLIB_H
| #  include <stdlib.h>
| # endif
| #endif
| #ifdef HAVE_STRING_H
| # if !defined STDC_HEADERS && defined HAVE_MEMORY_H
| #  include <memory.h>
| # endif
| # include <string.h>
| #endif
| #ifdef HAVE_STRINGS_H
| # include <strings.h>
| #endif
| #ifdef HAVE_INTTYPES_H
| # include <inttypes.h>
| #endif
| #ifdef HAVE_STDINT_H
| # include <stdint.h>
| #endif
| #ifdef HAVE_UNISTD_H
| # include <unistd.h>
| #endif
| int
| main ()
| {
| if (sizeof ((size_t)))
| 	    return 0;
|   ;
|   return 0;
| }
configure:5087: result: yes
configure:5098: checking whether time.h and sys/time.h may both be included
configure:5118: gcc -c -g -O2 -D_HAS_FORTRAN  conftest.c >&5
configure:5118: $? = 0
configure:5125: result: yes
configure:5133: checking whether struct tm is in sys/time.h or time.h
configure:5153: gcc -c -g -O2 -D_HAS_FORTRAN  conftest.c >&5
configure:5153: $? = 0
configure:5160: result: time.h
configure:5170: checking whether gcc needs -traditional
configure:5204: result: no
configure:5211: checking for working memcmp
configure:5254: gcc -o conftest -g -O2 -D_HAS_FORTRAN   conftest.c -lm -lX11  >&5
configure:5254: $? = 0
configure:5254: ./conftest
configure:5254: $? = 0
configure:5264: result: yes
configure:5275: checking for stdlib.h
configure:5275: result: yes
configure:5285: checking for GNU libc compatible malloc
configure:5309: gcc -o conftest -g -O2 -D_HAS_FORTRAN   conftest.c -lm -lX11  >&5
configure:5309: $? = 0
configure:5309: ./conftest
configure:5309: $? = 0
configure:5319: result: yes
configure:5342: checking for stdlib.h
configure:5342: result: yes
configure:5352: checking for GNU libc compatible realloc
configure:5376: gcc -o conftest -g -O2 -D_HAS_FORTRAN   conftest.c -lm -lX11  >&5
configure:5376: $? = 0
configure:5376: ./conftest
configure:5376: $? = 0
configure:5386: result: yes
configure:5407: checking for working strtod
configure:5448: gcc -o conftest -g -O2 -D_HAS_FORTRAN   conftest.c -lm -lX11  >&5
configure:5448: $? = 0
configure:5448: ./conftest
configure:5448: $? = 0
configure:5458: result: yes
configure:5520: checking return type of signal handlers
configure:5538: gcc -c -g -O2 -D_HAS_FORTRAN  conftest.c >&5
conftest.c: In function 'main':
conftest.c:44:1: error: void value not ignored as it ought to be
 return *(signal (0, 0)) (0) == 1;
 ^
configure:5538: $? = 1
configure: failed program was:
| /* confdefs.h */
| #define PACKAGE_NAME "HTS"
| #define PACKAGE_TARNAME "hts"
| #define PACKAGE_VERSION "2.3"
| #define PACKAGE_STRING "HTS 2.3"
| #define PACKAGE_BUGREPORT "hts-users@sp.nitech.ac.jp"
| #define PACKAGE_URL ""
| #define HAVE_LIBX11 1
| #define HAVE_LIBM 1
| #define STDC_HEADERS 1
| #define HAVE_SYS_TYPES_H 1
| #define HAVE_SYS_STAT_H 1
| #define HAVE_STDLIB_H 1
| #define HAVE_STRING_H 1
| #define HAVE_MEMORY_H 1
| #define HAVE_STRINGS_H 1
| #define HAVE_INTTYPES_H 1
| #define HAVE_STDINT_H 1
| #define HAVE_UNISTD_H 1
| #define HAVE_ERRNO_H 1
| #define HAVE_FCNTL_H 1
| #define HAVE_FLOAT_H 1
| #define HAVE_LIMITS_H 1
| #define HAVE_MALLOC_H 1
| #define HAVE_MEMORY_H 1
| #define HAVE_STDLIB_H 1
| #define HAVE_STRING_H 1
| #define HAVE_SYS_IOCTL_H 1
| #define HAVE_SYS_SOCKET_H 1
| #define HAVE_SYS_TIME_H 1
| #define HAVE_UNISTD_H 1
| #define TIME_WITH_SYS_TIME 1
| #define HAVE_STDLIB_H 1
| #define HAVE_MALLOC 1
| #define HAVE_STDLIB_H 1
| #define HAVE_REALLOC 1
| /* end confdefs.h.  */
| #include <sys/types.h>
| #include <signal.h>
| 
| int
| main ()
| {
| return *(signal (0, 0)) (0) == 1;
|   ;
|   return 0;
| }
configure:5545: result: void
configure:5555: checking for vprintf
configure:5555: gcc -o conftest -g -O2 -D_HAS_FORTRAN   conftest.c -lm -lX11  >&5
conftest.c:62:6: warning: conflicting types for built-in function 'vprintf' [enabled by default]
 char vprintf ();
      ^
configure:5555: $? = 0
configure:5555: result: yes
configure:5561: checking for _doprnt
configure:5561: gcc -o conftest -g -O2 -D_HAS_FORTRAN   conftest.c -lm -lX11  >&5
/tmp/ccrzU4BV.o: In function `main':
/home/truong-d/workspace/alt/tts-training/base-img/htk/conftest.c:74: undefined reference to `_doprnt'
collect2: error: ld returned 1 exit status
configure:5561: $? = 1
configure: failed program was:
| /* confdefs.h */
| #define PACKAGE_NAME "HTS"
| #define PACKAGE_TARNAME "hts"
| #define PACKAGE_VERSION "2.3"
| #define PACKAGE_STRING "HTS 2.3"
| #define PACKAGE_BUGREPORT "hts-users@sp.nitech.ac.jp"
| #define PACKAGE_URL ""
| #define HAVE_LIBX11 1
| #define HAVE_LIBM 1
| #define STDC_HEADERS 1
| #define HAVE_SYS_TYPES_H 1
| #define HAVE_SYS_STAT_H 1
| #define HAVE_STDLIB_H 1
| #define HAVE_STRING_H 1
| #define HAVE_MEMORY_H 1
| #define HAVE_STRINGS_H 1
| #define HAVE_INTTYPES_H 1
| #define HAVE_STDINT_H 1
| #define HAVE_UNISTD_H 1
| #define HAVE_ERRNO_H 1
| #define HAVE_FCNTL_H 1
| #define HAVE_FLOAT_H 1
| #define HAVE_LIMITS_H 1
| #define HAVE_MALLOC_H 1
| #define HAVE_MEMORY_H 1
| #define HAVE_STDLIB_H 1
| #define HAVE_STRING_H 1
| #define HAVE_SYS_IOCTL_H 1
| #define HAVE_SYS_SOCKET_H 1
| #define HAVE_SYS_TIME_H 1
| #define HAVE_UNISTD_H 1
| #define TIME_WITH_SYS_TIME 1
| #define HAVE_STDLIB_H 1
| #define HAVE_MALLOC 1
| #define HAVE_STDLIB_H 1
| #define HAVE_REALLOC 1
| #define RETSIGTYPE void
| #define HAVE_VPRINTF 1
| /* end confdefs.h.  */
| /* Define _doprnt to an innocuous variant, in case <limits.h> declares _doprnt.
|    For example, HP-UX 11i <limits.h> declares gettimeofday.  */
| #define _doprnt innocuous__doprnt
| 
| /* System header to define __stub macros and hopefully few prototypes,
|     which can conflict with char _doprnt (); below.
|     Prefer <limits.h> to <assert.h> if __STDC__ is defined, since
|     <limits.h> exists even on freestanding compilers.  */
| 
| #ifdef __STDC__
| # include <limits.h>
| #else
| # include <assert.h>
| #endif
| 
| #undef _doprnt
| 
| /* Override any GCC internal prototype to avoid an error.
|    Use char because int might match the return type of a GCC
|    builtin and then its argument prototype would still apply.  */
| #ifdef __cplusplus
| extern "C"
| #endif
| char _doprnt ();
| /* The GNU C library defines this for functions which it implements
|     to always fail with ENOSYS.  Some functions are actually named
|     something starting with __ and the normal name is an alias.  */
| #if defined __stub__doprnt || defined __stub____doprnt
| choke me
| #endif
| 
| int
| main ()
| {
| return _doprnt ();
|   ;
|   return 0;
| }
configure:5561: result: no
configure:5572: checking for stdbool.h that conforms to C99
configure:5639: gcc -c -g -O2 -D_HAS_FORTRAN  conftest.c >&5
configure:5639: $? = 0
configure:5646: result: yes
configure:5648: checking for _Bool
configure:5648: gcc -c -g -O2 -D_HAS_FORTRAN  conftest.c >&5
configure:5648: $? = 0
configure:5648: gcc -c -g -O2 -D_HAS_FORTRAN  conftest.c >&5
conftest.c: In function 'main':
conftest.c:76:20: error: expected expression before ')' token
 if (sizeof ((_Bool)))
                    ^
configure:5648: $? = 1
configure: failed program was:
| /* confdefs.h */
| #define PACKAGE_NAME "HTS"
| #define PACKAGE_TARNAME "hts"
| #define PACKAGE_VERSION "2.3"
| #define PACKAGE_STRING "HTS 2.3"
| #define PACKAGE_BUGREPORT "hts-users@sp.nitech.ac.jp"
| #define PACKAGE_URL ""
| #define HAVE_LIBX11 1
| #define HAVE_LIBM 1
| #define STDC_HEADERS 1
| #define HAVE_SYS_TYPES_H 1
| #define HAVE_SYS_STAT_H 1
| #define HAVE_STDLIB_H 1
| #define HAVE_STRING_H 1
| #define HAVE_MEMORY_H 1
| #define HAVE_STRINGS_H 1
| #define HAVE_INTTYPES_H 1
| #define HAVE_STDINT_H 1
| #define HAVE_UNISTD_H 1
| #define HAVE_ERRNO_H 1
| #define HAVE_FCNTL_H 1
| #define HAVE_FLOAT_H 1
| #define HAVE_LIMITS_H 1
| #define HAVE_MALLOC_H 1
| #define HAVE_MEMORY_H 1
| #define HAVE_STDLIB_H 1
| #define HAVE_STRING_H 1
| #define HAVE_SYS_IOCTL_H 1
| #define HAVE_SYS_SOCKET_H 1
| #define HAVE_SYS_TIME_H 1
| #define HAVE_UNISTD_H 1
| #define TIME_WITH_SYS_TIME 1
| #define HAVE_STDLIB_H 1
| #define HAVE_MALLOC 1
| #define HAVE_STDLIB_H 1
| #define HAVE_REALLOC 1
| #define RETSIGTYPE void
| #define HAVE_VPRINTF 1
| /* end confdefs.h.  */
| #include <stdio.h>
| #ifdef HAVE_SYS_TYPES_H
| # include <sys/types.h>
| #endif
| #ifdef HAVE_SYS_STAT_H
| # include <sys/stat.h>
| #endif
| #ifdef STDC_HEADERS
| # include <stdlib.h>
| # include <stddef.h>
| #else
| # ifdef HAVE_STDLIB_H
| #  include <stdlib.h>
| # endif
| #endif
| #ifdef HAVE_STRING_H
| # if !defined STDC_HEADERS && defined HAVE_MEMORY_H
| #  include <memory.h>
| # endif
| # include <string.h>
| #endif
| #ifdef HAVE_STRINGS_H
| # include <strings.h>
| #endif
| #ifdef HAVE_INTTYPES_H
| # include <inttypes.h>
| #endif
| #ifdef HAVE_STDINT_H
| # include <stdint.h>
| #endif
| #ifdef HAVE_UNISTD_H
| # include <unistd.h>
| #endif
| int
| main ()
| {
| if (sizeof ((_Bool)))
| 	    return 0;
|   ;
|   return 0;
| }
configure:5648: result: yes
configure:5668: checking for floor
configure:5668: gcc -o conftest -g -O2 -D_HAS_FORTRAN   conftest.c -lm -lX11  >&5
conftest.c:65:6: warning: conflicting types for built-in function 'floor' [enabled by default]
 char floor ();
      ^
configure:5668: $? = 0
configure:5668: result: yes
configure:5668: checking for gettimeofday
configure:5668: gcc -o conftest -g -O2 -D_HAS_FORTRAN   conftest.c -lm -lX11  >&5
configure:5668: $? = 0
configure:5668: result: yes
configure:5668: checking for memmove
configure:5668: gcc -o conftest -g -O2 -D_HAS_FORTRAN   conftest.c -lm -lX11  >&5
conftest.c:67:6: warning: conflicting types for built-in function 'memmove' [enabled by default]
 char memmove ();
      ^
configure:5668: $? = 0
configure:5668: result: yes
configure:5668: checking for memset
configure:5668: gcc -o conftest -g -O2 -D_HAS_FORTRAN   conftest.c -lm -lX11  >&5
conftest.c:68:6: warning: conflicting types for built-in function 'memset' [enabled by default]
 char memset ();
      ^
configure:5668: $? = 0
configure:5668: result: yes
configure:5668: checking for modf
configure:5668: gcc -o conftest -g -O2 -D_HAS_FORTRAN   conftest.c -lm -lX11  >&5
conftest.c:69:6: warning: conflicting types for built-in function 'modf' [enabled by default]
 char modf ();
      ^
configure:5668: $? = 0
configure:5668: result: yes
configure:5668: checking for pow
configure:5668: gcc -o conftest -g -O2 -D_HAS_FORTRAN   conftest.c -lm -lX11  >&5
conftest.c:70:6: warning: conflicting types for built-in function 'pow' [enabled by default]
 char pow ();
      ^
configure:5668: $? = 0
configure:5668: result: yes
configure:5668: checking for socket
configure:5668: gcc -o conftest -g -O2 -D_HAS_FORTRAN   conftest.c -lm -lX11  >&5
configure:5668: $? = 0
configure:5668: result: yes
configure:5668: checking for sqrt
configure:5668: gcc -o conftest -g -O2 -D_HAS_FORTRAN   conftest.c -lm -lX11  >&5
conftest.c:72:6: warning: conflicting types for built-in function 'sqrt' [enabled by default]
 char sqrt ();
      ^
configure:5668: $? = 0
configure:5668: result: yes
configure:5668: checking for strchr
configure:5668: gcc -o conftest -g -O2 -D_HAS_FORTRAN   conftest.c -lm -lX11  >&5
conftest.c:73:6: warning: conflicting types for built-in function 'strchr' [enabled by default]
 char strchr ();
      ^
configure:5668: $? = 0
configure:5668: result: yes
configure:5668: checking for strcspn
configure:5668: gcc -o conftest -g -O2 -D_HAS_FORTRAN   conftest.c -lm -lX11  >&5
conftest.c:74:6: warning: conflicting types for built-in function 'strcspn' [enabled by default]
 char strcspn ();
      ^
configure:5668: $? = 0
configure:5668: result: yes
configure:5668: checking for strrchr
configure:5668: gcc -o conftest -g -O2 -D_HAS_FORTRAN   conftest.c -lm -lX11  >&5
conftest.c:75:6: warning: conflicting types for built-in function 'strrchr' [enabled by default]
 char strrchr ();
      ^
configure:5668: $? = 0
configure:5668: result: yes
configure:5668: checking for strspn
configure:5668: gcc -o conftest -g -O2 -D_HAS_FORTRAN   conftest.c -lm -lX11  >&5
conftest.c:76:6: warning: conflicting types for built-in function 'strspn' [enabled by default]
 char strspn ();
      ^
configure:5668: $? = 0
configure:5668: result: yes
configure:5668: checking for strstr
configure:5668: gcc -o conftest -g -O2 -D_HAS_FORTRAN   conftest.c -lm -lX11  >&5
conftest.c:77:6: warning: conflicting types for built-in function 'strstr' [enabled by default]
 char strstr ();
      ^
configure:5668: $? = 0
configure:5668: result: yes
configure:5668: checking for strtol
configure:5668: gcc -o conftest -g -O2 -D_HAS_FORTRAN   conftest.c -lm -lX11  >&5
configure:5668: $? = 0
configure:5668: result: yes
configure:5679: checking for strdup
configure:5679: gcc -o conftest -g -O2 -D_HAS_FORTRAN   conftest.c -lm -lX11  >&5
conftest.c:79:6: warning: conflicting types for built-in function 'strdup' [enabled by default]
 char strdup ();
      ^
configure:5679: $? = 0
configure:5679: result: yes
configure:5691: checking whether byte ordering is bigendian
configure:5706: gcc -c -g -O2 -D_HAS_FORTRAN  conftest.c >&5
conftest.c:58:9: error: unknown type name 'not'
         not a universal capable compiler
         ^
conftest.c:58:15: error: expected '=', ',', ';', 'asm' or '__attribute__' before 'universal'
         not a universal capable compiler
               ^
conftest.c:58:15: error: unknown type name 'universal'
configure:5706: $? = 1
configure: failed program was:
| /* confdefs.h */
| #define PACKAGE_NAME "HTS"
| #define PACKAGE_TARNAME "hts"
| #define PACKAGE_VERSION "2.3"
| #define PACKAGE_STRING "HTS 2.3"
| #define PACKAGE_BUGREPORT "hts-users@sp.nitech.ac.jp"
| #define PACKAGE_URL ""
| #define HAVE_LIBX11 1
| #define HAVE_LIBM 1
| #define STDC_HEADERS 1
| #define HAVE_SYS_TYPES_H 1
| #define HAVE_SYS_STAT_H 1
| #define HAVE_STDLIB_H 1
| #define HAVE_STRING_H 1
| #define HAVE_MEMORY_H 1
| #define HAVE_STRINGS_H 1
| #define HAVE_INTTYPES_H 1
| #define HAVE_STDINT_H 1
| #define HAVE_UNISTD_H 1
| #define HAVE_ERRNO_H 1
| #define HAVE_FCNTL_H 1
| #define HAVE_FLOAT_H 1
| #define HAVE_LIMITS_H 1
| #define HAVE_MALLOC_H 1
| #define HAVE_MEMORY_H 1
| #define HAVE_STDLIB_H 1
| #define HAVE_STRING_H 1
| #define HAVE_SYS_IOCTL_H 1
| #define HAVE_SYS_SOCKET_H 1
| #define HAVE_SYS_TIME_H 1
| #define HAVE_UNISTD_H 1
| #define TIME_WITH_SYS_TIME 1
| #define HAVE_STDLIB_H 1
| #define HAVE_MALLOC 1
| #define HAVE_STDLIB_H 1
| #define HAVE_REALLOC 1
| #define RETSIGTYPE void
| #define HAVE_VPRINTF 1
| #define HAVE__BOOL 1
| #define HAVE_STDBOOL_H 1
| #define HAVE_FLOOR 1
| #define HAVE_GETTIMEOFDAY 1
| #define HAVE_MEMMOVE 1
| #define HAVE_MEMSET 1
| #define HAVE_MODF 1
| #define HAVE_POW 1
| #define HAVE_SOCKET 1
| #define HAVE_SQRT 1
| #define HAVE_STRCHR 1
| #define HAVE_STRCSPN 1
| #define HAVE_STRRCHR 1
| #define HAVE_STRSPN 1
| #define HAVE_STRSTR 1
| #define HAVE_STRTOL 1
| #define HAVE_STRDUP 1
| /* end confdefs.h.  */
| #ifndef __APPLE_CC__
| 	       not a universal capable compiler
| 	     #endif
| 	     typedef int dummy;
| 
configure:5751: gcc -c -g -O2 -D_HAS_FORTRAN  conftest.c >&5
configure:5751: $? = 0
configure:5769: gcc -c -g -O2 -D_HAS_FORTRAN  conftest.c >&5
conftest.c: In function 'main':
conftest.c:64:4: error: unknown type name 'not'
    not big endian
    ^
conftest.c:64:12: error: expected '=', ',', ';', 'asm' or '__attribute__' before 'endian'
    not big endian
            ^
configure:5769: $? = 1
configure: failed program was:
| /* confdefs.h */
| #define PACKAGE_NAME "HTS"
| #define PACKAGE_TARNAME "hts"
| #define PACKAGE_VERSION "2.3"
| #define PACKAGE_STRING "HTS 2.3"
| #define PACKAGE_BUGREPORT "hts-users@sp.nitech.ac.jp"
| #define PACKAGE_URL ""
| #define HAVE_LIBX11 1
| #define HAVE_LIBM 1
| #define STDC_HEADERS 1
| #define HAVE_SYS_TYPES_H 1
| #define HAVE_SYS_STAT_H 1
| #define HAVE_STDLIB_H 1
| #define HAVE_STRING_H 1
| #define HAVE_MEMORY_H 1
| #define HAVE_STRINGS_H 1
| #define HAVE_INTTYPES_H 1
| #define HAVE_STDINT_H 1
| #define HAVE_UNISTD_H 1
| #define HAVE_ERRNO_H 1
| #define HAVE_FCNTL_H 1
| #define HAVE_FLOAT_H 1
| #define HAVE_LIMITS_H 1
| #define HAVE_MALLOC_H 1
| #define HAVE_MEMORY_H 1
| #define HAVE_STDLIB_H 1
| #define HAVE_STRING_H 1
| #define HAVE_SYS_IOCTL_H 1
| #define HAVE_SYS_SOCKET_H 1
| #define HAVE_SYS_TIME_H 1
| #define HAVE_UNISTD_H 1
| #define TIME_WITH_SYS_TIME 1
| #define HAVE_STDLIB_H 1
| #define HAVE_MALLOC 1
| #define HAVE_STDLIB_H 1
| #define HAVE_REALLOC 1
| #define RETSIGTYPE void
| #define HAVE_VPRINTF 1
| #define HAVE__BOOL 1
| #define HAVE_STDBOOL_H 1
| #define HAVE_FLOOR 1
| #define HAVE_GETTIMEOFDAY 1
| #define HAVE_MEMMOVE 1
| #define HAVE_MEMSET 1
| #define HAVE_MODF 1
| #define HAVE_POW 1
| #define HAVE_SOCKET 1
| #define HAVE_SQRT 1
| #define HAVE_STRCHR 1
| #define HAVE_STRCSPN 1
| #define HAVE_STRRCHR 1
| #define HAVE_STRSPN 1
| #define HAVE_STRSTR 1
| #define HAVE_STRTOL 1
| #define HAVE_STRDUP 1
| /* end confdefs.h.  */
| #include <sys/types.h>
| 		#include <sys/param.h>
| 
| int
| main ()
| {
| #if BYTE_ORDER != BIG_ENDIAN
| 		 not big endian
| 		#endif
| 
|   ;
|   return 0;
| }
configure:5897: result: no
configure:5919: checking size of int *
configure:5924: gcc -o conftest -g -O2 -D_HAS_FORTRAN   conftest.c -lm -lX11  >&5
configure:5924: $? = 0
configure:5924: ./conftest
configure:5924: $? = 0
configure:5938: result: 8
configure:6004: checking whether to compile in 32-bit or 64-bit mode
configure:6011: result: 64-bit
configure:6297: creating ./config.status

## ---------------------- ##
## Running config.status. ##
## ---------------------- ##

This file was extended by HTS config.status 2.3, which was
generated by GNU Autoconf 2.69.  Invocation command line was

  CONFIG_FILES    = 
  CONFIG_HEADERS  = 
  CONFIG_LINKS    = 
  CONFIG_COMMANDS = 
  $ ./config.status 

on truongd-ThinkPad-X1-Carbon-3rd

config.status:879: creating HTKLib/Makefile
config.status:982: WARNING:  'HTKLib/Makefile.in' seems to ignore the --datarootdir setting
config.status:879: creating HTKTools/Makefile
config.status:982: WARNING:  'HTKTools/Makefile.in' seems to ignore the --datarootdir setting
config.status:879: creating HLMLib/Makefile
config.status:982: WARNING:  'HLMLib/Makefile.in' seems to ignore the --datarootdir setting
config.status:879: creating HLMTools/Makefile
config.status:982: WARNING:  'HLMTools/Makefile.in' seems to ignore the --datarootdir setting
config.status:879: creating HTKLVRec/Makefile
config.status:982: WARNING:  'HTKLVRec/Makefile.in' seems to ignore the --datarootdir setting
config.status:879: creating Makefile
config.status:982: WARNING:  'Makefile.in' seems to ignore the --datarootdir setting

## ---------------- ##
## Cache variables. ##
## ---------------- ##

ac_cv_build=x86_64-unknown-linux-gnu
ac_cv_c_bigendian=no
ac_cv_c_compiler_gnu=yes
ac_cv_c_const=yes
ac_cv_c_volatile=yes
ac_cv_env_CC_set=
ac_cv_env_CC_value=
ac_cv_env_CFLAGS_set=
ac_cv_env_CFLAGS_value=
ac_cv_env_CPPFLAGS_set=
ac_cv_env_CPPFLAGS_value=
ac_cv_env_CPP_set=
ac_cv_env_CPP_value=
ac_cv_env_F77_set=
ac_cv_env_F77_value=
ac_cv_env_FFLAGS_set=
ac_cv_env_FFLAGS_value=
ac_cv_env_LDFLAGS_set=
ac_cv_env_LDFLAGS_value=
ac_cv_env_LIBS_set=
ac_cv_env_LIBS_value=
ac_cv_env_MAXFNAMELEN_set=
ac_cv_env_MAXFNAMELEN_value=
ac_cv_env_MAXSTRLEN_set=
ac_cv_env_MAXSTRLEN_value=
ac_cv_env_PAT_LEN_set=
ac_cv_env_PAT_LEN_value=
ac_cv_env_SMAX_set=
ac_cv_env_SMAX_value=
ac_cv_env_XMKMF_set=
ac_cv_env_XMKMF_value=
ac_cv_env_build_alias_set=
ac_cv_env_build_alias_value=
ac_cv_env_host_alias_set=
ac_cv_env_host_alias_value=
ac_cv_env_target_alias_set=
ac_cv_env_target_alias_value=
ac_cv_f77_compiler_gnu=yes
ac_cv_f77_libs=' -L/usr/lib/gcc/x86_64-linux-gnu/4.8 -L/usr/lib/gcc/x86_64-linux-gnu/4.8/../../../x86_64-linux-gnu -L/usr/lib/gcc/x86_64-linux-gnu/4.8/../../../../lib -L/lib/x86_64-linux-gnu -L/lib/../lib -L/usr/lib/x86_64-linux-gnu -L/usr/lib/../lib -L/usr/lib/gcc/x86_64-linux-gnu/4.8/../../.. -lgfortran -lm -lX11 -lquadmath'
ac_cv_func__doprnt=no
ac_cv_func_floor=yes
ac_cv_func_gettimeofday=yes
ac_cv_func_malloc_0_nonnull=yes
ac_cv_func_memcmp_working=yes
ac_cv_func_memmove=yes
ac_cv_func_memset=yes
ac_cv_func_modf=yes
ac_cv_func_pow=yes
ac_cv_func_realloc_0_nonnull=yes
ac_cv_func_socket=yes
ac_cv_func_sqrt=yes
ac_cv_func_strchr=yes
ac_cv_func_strcspn=yes
ac_cv_func_strdup=yes
ac_cv_func_strrchr=yes
ac_cv_func_strspn=yes
ac_cv_func_strstr=yes
ac_cv_func_strtod=yes
ac_cv_func_strtol=yes
ac_cv_func_vprintf=yes
ac_cv_have_x='have_x=yes	ac_x_includes='\'''\''	ac_x_libraries='\'''\'''
ac_cv_header_errno_h=yes
ac_cv_header_fcntl_h=yes
ac_cv_header_float_h=yes
ac_cv_header_inttypes_h=yes
ac_cv_header_limits_h=yes
ac_cv_header_malloc_h=yes
ac_cv_header_memory_h=yes
ac_cv_header_stdbool_h=yes
ac_cv_header_stdc=yes
ac_cv_header_stdint_h=yes
ac_cv_header_stdlib_h=yes
ac_cv_header_string_h=yes
ac_cv_header_strings_h=yes
ac_cv_header_sys_ioctl_h=yes
ac_cv_header_sys_socket_h=yes
ac_cv_header_sys_stat_h=yes
ac_cv_header_sys_time_h=yes
ac_cv_header_sys_types_h=yes
ac_cv_header_time=yes
ac_cv_header_unistd_h=yes
ac_cv_host=x86_64-unknown-linux-gnu
ac_cv_lib_X11_main=yes
ac_cv_lib_m_main=yes
ac_cv_objext=o
ac_cv_path_EGREP='/bin/grep -E'
ac_cv_path_GREP=/bin/grep
ac_cv_path_install='/usr/bin/install -c'
ac_cv_prog_AWK=mawk
ac_cv_prog_CPP='gcc -E'
ac_cv_prog_ac_ct_AR=ar
ac_cv_prog_ac_ct_CC=gcc
ac_cv_prog_ac_ct_F77=gfortran
ac_cv_prog_ac_ct_RANLIB=ranlib
ac_cv_prog_cc_c89=
ac_cv_prog_cc_g=yes
ac_cv_prog_f77_g=yes
ac_cv_prog_f77_v=-v
ac_cv_prog_gcc_traditional=no
ac_cv_prog_make_make_set=yes
ac_cv_sizeof_int_p=8
ac_cv_struct_tm=time.h
ac_cv_type__Bool=yes
ac_cv_type_signal=void
ac_cv_type_size_t=yes

## ----------------- ##
## Output variables. ##
## ----------------- ##

AR='ar'
AWK='mawk'
BINARY_EXTENSION=''
CC='gcc'
CFLAGS='-ansi -D_SVID_SOURCE -DOSS_AUDIO -D'\''ARCH="x86_64"'\'' -Wall -Wno-switch -g -O2 -D_HAS_FORTRAN'
CPP='gcc -E'
CPPFLAGS=''
DEFS='-DHAVE_CONFIG_H'
ECHO_C=''
ECHO_N='-n'
ECHO_T=''
EGREP='/bin/grep -E'
EXEEXT=''
F77='gfortran'
FFLAGS='-g -O2'
FLIBS=' -L/usr/lib/gcc/x86_64-linux-gnu/4.8 -L/usr/lib/gcc/x86_64-linux-gnu/4.8/../../../x86_64-linux-gnu -L/usr/lib/gcc/x86_64-linux-gnu/4.8/../../../../lib -L/lib/x86_64-linux-gnu -L/lib/../lib -L/usr/lib/x86_64-linux-gnu -L/usr/lib/../lib -L/usr/lib/gcc/x86_64-linux-gnu/4.8/../../.. -lgfortran -lm -lX11 -lquadmath'
GREP='/bin/grep'
HGRAF='HGraf.o'
HSLAB='HSLab'
INSTALL_DATA='${INSTALL} -m 644'
INSTALL_PROGRAM='${INSTALL}'
INSTALL_SCRIPT='${INSTALL}'
LBFGS='lbfgs.o'
LDFLAGS='-L/usr/X11R6/lib64 '
LIBLV=''
LIBOBJS=''
LIBS='-lm -lX11 '
LN_S='ln -s'
LTLIBOBJS=''
MAXFNAMELEN=''
MAXSTRLEN=''
OBJEXT='o'
PACKAGE_BUGREPORT='hts-users@sp.nitech.ac.jp'
PACKAGE_NAME='HTS'
PACKAGE_STRING='HTS 2.3'
PACKAGE_TARNAME='hts'
PACKAGE_URL=''
PACKAGE_VERSION='2.3'
PATH_SEPARATOR=':'
PAT_LEN=''
POW_LIB=''
RANLIB='ranlib'
SET_MAKE=''
SHELL='/bin/bash'
SMAX=''
TRADHTK=''
TRADHTKBIN='linux'
XMKMF=''
ac_ct_CC='gcc'
ac_ct_F77='gfortran'
bindir='${exec_prefix}/bin'
build='x86_64-unknown-linux-gnu'
build_alias=''
build_cpu='x86_64'
build_os='linux-gnu'
build_vendor='unknown'
datadir='${datarootdir}'
datarootdir='${prefix}/share'
docdir='${datarootdir}/doc/${PACKAGE_TARNAME}'
dvidir='${docdir}'
exec_prefix='${prefix}'
host='x86_64-unknown-linux-gnu'
host_alias=''
host_cpu='x86_64'
host_os='linux-gnu'
host_vendor='unknown'
htmldir='${docdir}'
includedir='${prefix}/include'
infodir='${datarootdir}/info'
libdir='${exec_prefix}/lib'
libexecdir='${exec_prefix}/libexec'
localedir='${datarootdir}/locale'
localstatedir='${prefix}/var'
make_all='htktools'
make_install='install-htktools'
mandir='${datarootdir}/man'
oldincludedir='/usr/include'
pdfdir='${docdir}'
prefix='/usr/local/HTS-2.3'
program_transform_name='s,x,x,'
psdir='${docdir}'
sbindir='${exec_prefix}/sbin'
sharedstatedir='${prefix}/com'
sysconfdir='${prefix}/etc'
target_alias=''

## ----------- ##
## confdefs.h. ##
## ----------- ##

/* confdefs.h */
#define PACKAGE_NAME "HTS"
#define PACKAGE_TARNAME "hts"
#define PACKAGE_VERSION "2.3"
#define PACKAGE_STRING "HTS 2.3"
#define PACKAGE_BUGREPORT "hts-users@sp.nitech.ac.jp"
#define PACKAGE_URL ""
#define HAVE_LIBX11 1
#define HAVE_LIBM 1
#define STDC_HEADERS 1
#define HAVE_SYS_TYPES_H 1
#define HAVE_SYS_STAT_H 1
#define HAVE_STDLIB_H 1
#define HAVE_STRING_H 1
#define HAVE_MEMORY_H 1
#define HAVE_STRINGS_H 1
#define HAVE_INTTYPES_H 1
#define HAVE_STDINT_H 1
#define HAVE_UNISTD_H 1
#define HAVE_ERRNO_H 1
#define HAVE_FCNTL_H 1
#define HAVE_FLOAT_H 1
#define HAVE_LIMITS_H 1
#define HAVE_MALLOC_H 1
#define HAVE_MEMORY_H 1
#define HAVE_STDLIB_H 1
#define HAVE_STRING_H 1
#define HAVE_SYS_IOCTL_H 1
#define HAVE_SYS_SOCKET_H 1
#define HAVE_SYS_TIME_H 1
#define HAVE_UNISTD_H 1
#define TIME_WITH_SYS_TIME 1
#define HAVE_STDLIB_H 1
#define HAVE_MALLOC 1
#define HAVE_STDLIB_H 1
#define HAVE_REALLOC 1
#define RETSIGTYPE void
#define HAVE_VPRINTF 1
#define HAVE__BOOL 1
#define HAVE_STDBOOL_H 1
#define HAVE_FLOOR 1
#define HAVE_GETTIMEOFDAY 1
#define HAVE_MEMMOVE 1
#define HAVE_MEMSET 1
#define HAVE_MODF 1
#define HAVE_POW 1
#define HAVE_SOCKET 1
#define HAVE_SQRT 1
#define HAVE_STRCHR 1
#define HAVE_STRCSPN 1
#define HAVE_STRRCHR 1
#define HAVE_STRSPN 1
#define HAVE_STRSTR 1
#define HAVE_STRTOL 1
#define HAVE_STRDUP 1
#define SIZEOF_INT_P 8

configure: exit 0
